{"C:\\Users\\prebe\\Desktop\\FullStackOpen\\FullStackOpen\\part5\\bloglist-frontend\\src\\App.jsx": {"path":"C:\\Users\\prebe\\Desktop\\FullStackOpen\\FullStackOpen\\part5\\bloglist-frontend\\src\\App.jsx","statementMap":{"0":{"start":{"line":10,"column":12},"end":{"line":159,"column":1}},"1":{"start":{"line":11,"column":28},"end":{"line":11,"column":40}},"2":{"start":{"line":12,"column":32},"end":{"line":12,"column":44}},"3":{"start":{"line":13,"column":26},"end":{"line":13,"column":40}},"4":{"start":{"line":15,"column":2},"end":{"line":19,"column":8}},"5":{"start":{"line":16,"column":4},"end":{"line":18,"column":5}},"6":{"start":{"line":17,"column":6},"end":{"line":17,"column":23}},"7":{"start":{"line":21,"column":2},"end":{"line":28,"column":8}},"8":{"start":{"line":22,"column":27},"end":{"line":22,"column":75}},"9":{"start":{"line":23,"column":4},"end":{"line":27,"column":5}},"10":{"start":{"line":24,"column":19},"end":{"line":24,"column":45}},"11":{"start":{"line":25,"column":6},"end":{"line":25,"column":19}},"12":{"start":{"line":26,"column":6},"end":{"line":26,"column":38}},"13":{"start":{"line":30,"column":20},"end":{"line":36,"column":3}},"14":{"start":{"line":32,"column":4},"end":{"line":34,"column":16}},"15":{"start":{"line":38,"column":22},"end":{"line":56,"column":3}},"16":{"start":{"line":40,"column":4},"end":{"line":55,"column":5}},"17":{"start":{"line":41,"column":19},"end":{"line":43,"column":8}},"18":{"start":{"line":45,"column":6},"end":{"line":47,"column":7}},"19":{"start":{"line":48,"column":6},"end":{"line":48,"column":38}},"20":{"start":{"line":49,"column":6},"end":{"line":49,"column":19}},"21":{"start":{"line":51,"column":6},"end":{"line":51,"column":46}},"22":{"start":{"line":52,"column":6},"end":{"line":54,"column":14}},"23":{"start":{"line":53,"column":8},"end":{"line":53,"column":22}},"24":{"start":{"line":58,"column":17},"end":{"line":61,"column":3}},"25":{"start":{"line":59,"column":4},"end":{"line":59,"column":31}},"26":{"start":{"line":60,"column":4},"end":{"line":60,"column":28}},"27":{"start":{"line":63,"column":22},"end":{"line":63,"column":30}},"28":{"start":{"line":65,"column":19},"end":{"line":69,"column":3}},"29":{"start":{"line":66,"column":4},"end":{"line":68,"column":16}},"30":{"start":{"line":72,"column":18},"end":{"line":85,"column":3}},"31":{"start":{"line":73,"column":4},"end":{"line":73,"column":42}},"32":{"start":{"line":75,"column":4},"end":{"line":84,"column":5}},"33":{"start":{"line":76,"column":27},"end":{"line":76,"column":63}},"34":{"start":{"line":77,"column":6},"end":{"line":77,"column":42}},"35":{"start":{"line":78,"column":6},"end":{"line":78,"column":80}},"36":{"start":{"line":79,"column":6},"end":{"line":81,"column":14}},"37":{"start":{"line":80,"column":8},"end":{"line":80,"column":22}},"38":{"start":{"line":83,"column":6},"end":{"line":83,"column":48}},"39":{"start":{"line":87,"column":21},"end":{"line":99,"column":3}},"40":{"start":{"line":89,"column":4},"end":{"line":97,"column":5}},"41":{"start":{"line":90,"column":27},"end":{"line":90,"column":68}},"42":{"start":{"line":91,"column":27},"end":{"line":93,"column":7}},"43":{"start":{"line":92,"column":8},"end":{"line":92,"column":44}},"44":{"start":{"line":94,"column":6},"end":{"line":94,"column":28}},"45":{"start":{"line":96,"column":6},"end":{"line":96,"column":50}},"46":{"start":{"line":101,"column":21},"end":{"line":109,"column":3}},"47":{"start":{"line":102,"column":4},"end":{"line":102,"column":19}},"48":{"start":{"line":103,"column":4},"end":{"line":108,"column":5}},"49":{"start":{"line":104,"column":6},"end":{"line":104,"column":34}},"50":{"start":{"line":105,"column":6},"end":{"line":105,"column":73}},"51":{"start":{"line":105,"column":30},"end":{"line":105,"column":72}},"52":{"start":{"line":105,"column":57},"end":{"line":105,"column":71}},"53":{"start":{"line":107,"column":6},"end":{"line":107,"column":50}},"54":{"start":{"line":112,"column":23},"end":{"line":132,"column":3}},"55":{"start":{"line":113,"column":4},"end":{"line":115,"column":5}},"56":{"start":{"line":114,"column":6},"end":{"line":114,"column":17}},"57":{"start":{"line":117,"column":4},"end":{"line":131,"column":5}},"58":{"start":{"line":118,"column":6},"end":{"line":122,"column":7}},"59":{"start":{"line":126,"column":6},"end":{"line":130,"column":7}},"60":{"start":{"line":134,"column":2},"end":{"line":158,"column":3}},"61":{"start":{"line":152,"column":28},"end":{"line":152,"column":45}},"62":{"start":{"line":153,"column":25},"end":{"line":153,"column":138}}},"fnMap":{"0":{"name":"(anonymous_0)","decl":{"start":{"line":10,"column":12},"end":{"line":10,"column":13}},"loc":{"start":{"line":10,"column":18},"end":{"line":159,"column":1}},"line":10},"1":{"name":"(anonymous_1)","decl":{"start":{"line":15,"column":12},"end":{"line":15,"column":13}},"loc":{"start":{"line":15,"column":18},"end":{"line":19,"column":3}},"line":15},"2":{"name":"(anonymous_2)","decl":{"start":{"line":16,"column":30},"end":{"line":16,"column":31}},"loc":{"start":{"line":17,"column":6},"end":{"line":17,"column":23}},"line":17},"3":{"name":"(anonymous_3)","decl":{"start":{"line":21,"column":12},"end":{"line":21,"column":13}},"loc":{"start":{"line":21,"column":18},"end":{"line":28,"column":3}},"line":21},"4":{"name":"(anonymous_4)","decl":{"start":{"line":30,"column":20},"end":{"line":30,"column":21}},"loc":{"start":{"line":32,"column":4},"end":{"line":34,"column":16}},"line":32},"5":{"name":"(anonymous_5)","decl":{"start":{"line":38,"column":22},"end":{"line":38,"column":23}},"loc":{"start":{"line":38,"column":52},"end":{"line":56,"column":3}},"line":38},"6":{"name":"(anonymous_6)","decl":{"start":{"line":52,"column":17},"end":{"line":52,"column":18}},"loc":{"start":{"line":52,"column":23},"end":{"line":54,"column":7}},"line":52},"7":{"name":"(anonymous_7)","decl":{"start":{"line":58,"column":17},"end":{"line":58,"column":18}},"loc":{"start":{"line":58,"column":23},"end":{"line":61,"column":3}},"line":58},"8":{"name":"(anonymous_8)","decl":{"start":{"line":65,"column":19},"end":{"line":65,"column":20}},"loc":{"start":{"line":66,"column":4},"end":{"line":68,"column":16}},"line":66},"9":{"name":"(anonymous_9)","decl":{"start":{"line":72,"column":18},"end":{"line":72,"column":19}},"loc":{"start":{"line":72,"column":40},"end":{"line":85,"column":3}},"line":72},"10":{"name":"(anonymous_10)","decl":{"start":{"line":79,"column":17},"end":{"line":79,"column":18}},"loc":{"start":{"line":79,"column":23},"end":{"line":81,"column":7}},"line":79},"11":{"name":"(anonymous_11)","decl":{"start":{"line":87,"column":21},"end":{"line":87,"column":22}},"loc":{"start":{"line":87,"column":48},"end":{"line":99,"column":3}},"line":87},"12":{"name":"(anonymous_12)","decl":{"start":{"line":91,"column":37},"end":{"line":91,"column":38}},"loc":{"start":{"line":92,"column":8},"end":{"line":92,"column":44}},"line":92},"13":{"name":"(anonymous_13)","decl":{"start":{"line":101,"column":21},"end":{"line":101,"column":22}},"loc":{"start":{"line":101,"column":35},"end":{"line":109,"column":3}},"line":101},"14":{"name":"(anonymous_14)","decl":{"start":{"line":105,"column":15},"end":{"line":105,"column":16}},"loc":{"start":{"line":105,"column":30},"end":{"line":105,"column":72}},"line":105},"15":{"name":"(anonymous_15)","decl":{"start":{"line":105,"column":47},"end":{"line":105,"column":48}},"loc":{"start":{"line":105,"column":57},"end":{"line":105,"column":71}},"line":105},"16":{"name":"(anonymous_16)","decl":{"start":{"line":112,"column":23},"end":{"line":112,"column":24}},"loc":{"start":{"line":112,"column":40},"end":{"line":132,"column":3}},"line":112},"17":{"name":"(anonymous_17)","decl":{"start":{"line":152,"column":18},"end":{"line":152,"column":19}},"loc":{"start":{"line":152,"column":28},"end":{"line":152,"column":45}},"line":152},"18":{"name":"(anonymous_18)","decl":{"start":{"line":153,"column":17},"end":{"line":153,"column":18}},"loc":{"start":{"line":153,"column":25},"end":{"line":153,"column":138}},"line":153}},"branchMap":{"0":{"loc":{"start":{"line":23,"column":4},"end":{"line":27,"column":5}},"type":"if","locations":[{"start":{"line":23,"column":4},"end":{"line":27,"column":5}},{"start":{},"end":{}}],"line":23},"1":{"loc":{"start":{"line":92,"column":8},"end":{"line":92,"column":44}},"type":"cond-expr","locations":[{"start":{"line":92,"column":25},"end":{"line":92,"column":37}},{"start":{"line":92,"column":40},"end":{"line":92,"column":44}}],"line":92},"2":{"loc":{"start":{"line":113,"column":4},"end":{"line":115,"column":5}},"type":"if","locations":[{"start":{"line":113,"column":4},"end":{"line":115,"column":5}},{"start":{},"end":{}}],"line":113},"3":{"loc":{"start":{"line":117,"column":4},"end":{"line":131,"column":5}},"type":"if","locations":[{"start":{"line":117,"column":4},"end":{"line":131,"column":5}},{"start":{"line":125,"column":9},"end":{"line":131,"column":5}}],"line":117},"4":{"loc":{"start":{"line":117,"column":8},"end":{"line":117,"column":62}},"type":"binary-expr","locations":[{"start":{"line":117,"column":8},"end":{"line":117,"column":33}},{"start":{"line":117,"column":37},"end":{"line":117,"column":62}}],"line":117},"5":{"loc":{"start":{"line":137,"column":7},"end":{"line":141,"column":12}},"type":"binary-expr","locations":[{"start":{"line":137,"column":7},"end":{"line":137,"column":12}},{"start":{"line":138,"column":6},"end":{"line":141,"column":12}}],"line":137},"6":{"loc":{"start":{"line":143,"column":7},"end":{"line":143,"column":27}},"type":"binary-expr","locations":[{"start":{"line":143,"column":7},"end":{"line":143,"column":12}},{"start":{"line":143,"column":16},"end":{"line":143,"column":27}}],"line":143},"7":{"loc":{"start":{"line":145,"column":7},"end":{"line":154,"column":14}},"type":"binary-expr","locations":[{"start":{"line":145,"column":7},"end":{"line":145,"column":11}},{"start":{"line":146,"column":8},"end":{"line":154,"column":14}}],"line":145}},"s":{"0":0,"1":0,"2":0,"3":0,"4":0,"5":0,"6":0,"7":0,"8":0,"9":0,"10":0,"11":0,"12":0,"13":0,"14":0,"15":0,"16":0,"17":0,"18":0,"19":0,"20":0,"21":0,"22":0,"23":0,"24":0,"25":0,"26":0,"27":0,"28":0,"29":0,"30":0,"31":0,"32":0,"33":0,"34":0,"35":0,"36":0,"37":0,"38":0,"39":0,"40":0,"41":0,"42":0,"43":0,"44":0,"45":0,"46":0,"47":0,"48":0,"49":0,"50":0,"51":0,"52":0,"53":0,"54":0,"55":0,"56":0,"57":0,"58":0,"59":0,"60":0,"61":0,"62":0},"f":{"0":0,"1":0,"2":0,"3":0,"4":0,"5":0,"6":0,"7":0,"8":0,"9":0,"10":0,"11":0,"12":0,"13":0,"14":0,"15":0,"16":0,"17":0,"18":0},"b":{"0":[0,0],"1":[0,0],"2":[0,0],"3":[0,0],"4":[0,0],"5":[0,0],"6":[0,0],"7":[0,0]}}
,"C:\\Users\\prebe\\Desktop\\FullStackOpen\\FullStackOpen\\part5\\bloglist-frontend\\src\\main.jsx": {"path":"C:\\Users\\prebe\\Desktop\\FullStackOpen\\FullStackOpen\\part5\\bloglist-frontend\\src\\main.jsx","statementMap":{"0":{"start":{"line":4,"column":0},"end":{"line":4,"column":68}}},"fnMap":{},"branchMap":{},"s":{"0":0},"f":{},"b":{}}
,"C:\\Users\\prebe\\Desktop\\FullStackOpen\\FullStackOpen\\part5\\bloglist-frontend\\src\\components\\Blog.jsx": {"path":"C:\\Users\\prebe\\Desktop\\FullStackOpen\\FullStackOpen\\part5\\bloglist-frontend\\src\\components\\Blog.jsx","statementMap":{"0":{"start":{"line":3,"column":13},"end":{"line":50,"column":1}},"1":{"start":{"line":4,"column":46},"end":{"line":4,"column":62}},"2":{"start":{"line":6,"column":27},"end":{"line":8,"column":3}},"3":{"start":{"line":7,"column":4},"end":{"line":7,"column":88}},"4":{"start":{"line":7,"column":43},"end":{"line":7,"column":86}},"5":{"start":{"line":11,"column":21},"end":{"line":23,"column":3}},"6":{"start":{"line":13,"column":24},"end":{"line":19,"column":5}},"7":{"start":{"line":21,"column":4},"end":{"line":21,"column":41}},"8":{"start":{"line":26,"column":2},"end":{"line":49,"column":3}},"9":{"start":{"line":36,"column":55},"end":{"line":36,"column":71}},"10":{"start":{"line":41,"column":10},"end":{"line":43,"column":11}},"11":{"start":{"line":42,"column":12},"end":{"line":42,"column":38}}},"fnMap":{"0":{"name":"(anonymous_0)","decl":{"start":{"line":3,"column":13},"end":{"line":3,"column":14}},"loc":{"start":{"line":3,"column":77},"end":{"line":50,"column":1}},"line":3},"1":{"name":"(anonymous_1)","decl":{"start":{"line":6,"column":27},"end":{"line":6,"column":28}},"loc":{"start":{"line":6,"column":33},"end":{"line":8,"column":3}},"line":6},"2":{"name":"(anonymous_2)","decl":{"start":{"line":7,"column":22},"end":{"line":7,"column":23}},"loc":{"start":{"line":7,"column":43},"end":{"line":7,"column":86}},"line":7},"3":{"name":"(anonymous_3)","decl":{"start":{"line":11,"column":21},"end":{"line":11,"column":22}},"loc":{"start":{"line":11,"column":31},"end":{"line":23,"column":3}},"line":11},"4":{"name":"(anonymous_4)","decl":{"start":{"line":36,"column":49},"end":{"line":36,"column":50}},"loc":{"start":{"line":36,"column":55},"end":{"line":36,"column":71}},"line":36},"5":{"name":"(anonymous_5)","decl":{"start":{"line":40,"column":44},"end":{"line":40,"column":45}},"loc":{"start":{"line":40,"column":50},"end":{"line":43,"column":12}},"line":40}},"branchMap":{"0":{"loc":{"start":{"line":7,"column":43},"end":{"line":7,"column":86}},"type":"cond-expr","locations":[{"start":{"line":7,"column":71},"end":{"line":7,"column":77}},{"start":{"line":7,"column":80},"end":{"line":7,"column":86}}],"line":7},"1":{"loc":{"start":{"line":33,"column":7},"end":{"line":45,"column":12}},"type":"binary-expr","locations":[{"start":{"line":33,"column":7},"end":{"line":33,"column":32}},{"start":{"line":34,"column":6},"end":{"line":45,"column":12}}],"line":33},"2":{"loc":{"start":{"line":39,"column":9},"end":{"line":43,"column":29}},"type":"binary-expr","locations":[{"start":{"line":39,"column":9},"end":{"line":39,"column":45}},{"start":{"line":40,"column":8},"end":{"line":43,"column":29}}],"line":39},"3":{"loc":{"start":{"line":41,"column":10},"end":{"line":43,"column":11}},"type":"if","locations":[{"start":{"line":41,"column":10},"end":{"line":43,"column":11}},{"start":{},"end":{}}],"line":41}},"s":{"0":1,"1":1,"2":1,"3":0,"4":0,"5":1,"6":0,"7":0,"8":1,"9":0,"10":0,"11":0},"f":{"0":1,"1":0,"2":0,"3":0,"4":0,"5":0},"b":{"0":[0,0],"1":[1,0],"2":[0,0],"3":[0,0]},"_coverageSchema":"1a1c01bbd47fc00a2c39e90264f33305004495a9","hash":"e06eaac3e12ff60b2dd0e4651641ebb5caafa9d3"}
,"C:\\Users\\prebe\\Desktop\\FullStackOpen\\FullStackOpen\\part5\\bloglist-frontend\\src\\components\\BlogForm.jsx": {"path":"C:\\Users\\prebe\\Desktop\\FullStackOpen\\FullStackOpen\\part5\\bloglist-frontend\\src\\components\\BlogForm.jsx","statementMap":{"0":{"start":{"line":3,"column":17},"end":{"line":51,"column":1}},"1":{"start":{"line":5,"column":32},"end":{"line":5,"column":76}},"2":{"start":{"line":7,"column":18},"end":{"line":17,"column":3}},"3":{"start":{"line":8,"column":4},"end":{"line":8,"column":26}},"4":{"start":{"line":10,"column":4},"end":{"line":14,"column":6}},"5":{"start":{"line":16,"column":4},"end":{"line":16,"column":50}},"6":{"start":{"line":19,"column":2},"end":{"line":50,"column":3}},"7":{"start":{"line":27,"column":33},"end":{"line":27,"column":86}},"8":{"start":{"line":35,"column":33},"end":{"line":35,"column":87}},"9":{"start":{"line":43,"column":33},"end":{"line":43,"column":84}}},"fnMap":{"0":{"name":"(anonymous_0)","decl":{"start":{"line":3,"column":17},"end":{"line":3,"column":18}},"loc":{"start":{"line":3,"column":37},"end":{"line":51,"column":1}},"line":3},"1":{"name":"(anonymous_1)","decl":{"start":{"line":7,"column":18},"end":{"line":7,"column":19}},"loc":{"start":{"line":7,"column":29},"end":{"line":17,"column":3}},"line":7},"2":{"name":"(anonymous_2)","decl":{"start":{"line":27,"column":22},"end":{"line":27,"column":23}},"loc":{"start":{"line":27,"column":33},"end":{"line":27,"column":86}},"line":27},"3":{"name":"(anonymous_3)","decl":{"start":{"line":35,"column":22},"end":{"line":35,"column":23}},"loc":{"start":{"line":35,"column":33},"end":{"line":35,"column":87}},"line":35},"4":{"name":"(anonymous_4)","decl":{"start":{"line":43,"column":22},"end":{"line":43,"column":23}},"loc":{"start":{"line":43,"column":33},"end":{"line":43,"column":84}},"line":43}},"branchMap":{},"s":{"0":1,"1":48,"2":48,"3":1,"4":1,"5":1,"6":48,"7":17,"8":11,"9":18},"f":{"0":48,"1":1,"2":17,"3":11,"4":18},"b":{},"_coverageSchema":"1a1c01bbd47fc00a2c39e90264f33305004495a9","hash":"df43d952563b4c93c26850e3f8578c53807c6189"}
,"C:\\Users\\prebe\\Desktop\\FullStackOpen\\FullStackOpen\\part5\\bloglist-frontend\\src\\components\\LoginForm.jsx": {"path":"C:\\Users\\prebe\\Desktop\\FullStackOpen\\FullStackOpen\\part5\\bloglist-frontend\\src\\components\\LoginForm.jsx","statementMap":{"0":{"start":{"line":4,"column":18},"end":{"line":43,"column":1}},"1":{"start":{"line":6,"column":34},"end":{"line":6,"column":46}},"2":{"start":{"line":7,"column":34},"end":{"line":7,"column":46}},"3":{"start":{"line":9,"column":19},"end":{"line":17,"column":3}},"4":{"start":{"line":11,"column":4},"end":{"line":11,"column":26}},"5":{"start":{"line":13,"column":4},"end":{"line":13,"column":35}},"6":{"start":{"line":15,"column":4},"end":{"line":15,"column":19}},"7":{"start":{"line":16,"column":4},"end":{"line":16,"column":19}},"8":{"start":{"line":19,"column":2},"end":{"line":42,"column":3}},"9":{"start":{"line":28,"column":31},"end":{"line":28,"column":62}},"10":{"start":{"line":36,"column":31},"end":{"line":36,"column":62}},"11":{"start":{"line":45,"column":0},"end":{"line":47,"column":1}}},"fnMap":{"0":{"name":"(anonymous_0)","decl":{"start":{"line":4,"column":18},"end":{"line":4,"column":19}},"loc":{"start":{"line":4,"column":39},"end":{"line":43,"column":1}},"line":4},"1":{"name":"(anonymous_1)","decl":{"start":{"line":9,"column":19},"end":{"line":9,"column":20}},"loc":{"start":{"line":9,"column":30},"end":{"line":17,"column":3}},"line":9},"2":{"name":"(anonymous_2)","decl":{"start":{"line":28,"column":22},"end":{"line":28,"column":23}},"loc":{"start":{"line":28,"column":31},"end":{"line":28,"column":62}},"line":28},"3":{"name":"(anonymous_3)","decl":{"start":{"line":36,"column":22},"end":{"line":36,"column":23}},"loc":{"start":{"line":36,"column":31},"end":{"line":36,"column":62}},"line":36}},"branchMap":{},"s":{"0":0,"1":0,"2":0,"3":0,"4":0,"5":0,"6":0,"7":0,"8":0,"9":0,"10":0,"11":0},"f":{"0":0,"1":0,"2":0,"3":0},"b":{}}
,"C:\\Users\\prebe\\Desktop\\FullStackOpen\\FullStackOpen\\part5\\bloglist-frontend\\src\\components\\Togglable.jsx": {"path":"C:\\Users\\prebe\\Desktop\\FullStackOpen\\FullStackOpen\\part5\\bloglist-frontend\\src\\components\\Togglable.jsx","statementMap":{"0":{"start":{"line":5,"column":18},"end":{"line":38,"column":2}},"1":{"start":{"line":6,"column":32},"end":{"line":6,"column":47}},"2":{"start":{"line":8,"column":26},"end":{"line":8,"column":60}},"3":{"start":{"line":9,"column":26},"end":{"line":9,"column":60}},"4":{"start":{"line":11,"column":27},"end":{"line":13,"column":3}},"5":{"start":{"line":12,"column":4},"end":{"line":12,"column":24}},"6":{"start":{"line":16,"column":2},"end":{"line":20,"column":4}},"7":{"start":{"line":17,"column":4},"end":{"line":19,"column":5}},"8":{"start":{"line":22,"column":2},"end":{"line":24,"column":3}},"9":{"start":{"line":26,"column":2},"end":{"line":36,"column":3}},"10":{"start":{"line":40,"column":0},"end":{"line":40,"column":35}}},"fnMap":{"0":{"name":"(anonymous_0)","decl":{"start":{"line":5,"column":29},"end":{"line":5,"column":30}},"loc":{"start":{"line":5,"column":46},"end":{"line":38,"column":1}},"line":5},"1":{"name":"(anonymous_1)","decl":{"start":{"line":11,"column":27},"end":{"line":11,"column":28}},"loc":{"start":{"line":11,"column":33},"end":{"line":13,"column":3}},"line":11},"2":{"name":"(anonymous_2)","decl":{"start":{"line":16,"column":28},"end":{"line":16,"column":29}},"loc":{"start":{"line":16,"column":34},"end":{"line":20,"column":3}},"line":16}},"branchMap":{"0":{"loc":{"start":{"line":8,"column":37},"end":{"line":8,"column":58}},"type":"cond-expr","locations":[{"start":{"line":8,"column":47},"end":{"line":8,"column":53}},{"start":{"line":8,"column":56},"end":{"line":8,"column":58}}],"line":8},"1":{"loc":{"start":{"line":9,"column":37},"end":{"line":9,"column":58}},"type":"cond-expr","locations":[{"start":{"line":9,"column":47},"end":{"line":9,"column":49}},{"start":{"line":9,"column":52},"end":{"line":9,"column":58}}],"line":9}},"s":{"0":0,"1":0,"2":0,"3":0,"4":0,"5":0,"6":0,"7":0,"8":0,"9":0,"10":0},"f":{"0":0,"1":0,"2":0},"b":{"0":[0,0],"1":[0,0]}}
,"C:\\Users\\prebe\\Desktop\\FullStackOpen\\FullStackOpen\\part5\\bloglist-frontend\\src\\services\\blogs.js": {"path":"C:\\Users\\prebe\\Desktop\\FullStackOpen\\FullStackOpen\\part5\\bloglist-frontend\\src\\services\\blogs.js","statementMap":{"0":{"start":{"line":2,"column":16},"end":{"line":2,"column":28}},"1":{"start":{"line":4,"column":12},"end":{"line":4,"column":16}},"2":{"start":{"line":6,"column":17},"end":{"line":8,"column":1}},"3":{"start":{"line":7,"column":2},"end":{"line":7,"column":30}},"4":{"start":{"line":10,"column":15},"end":{"line":14,"column":1}},"5":{"start":{"line":11,"column":18},"end":{"line":11,"column":36}},"6":{"start":{"line":12,"column":19},"end":{"line":12,"column":32}},"7":{"start":{"line":13,"column":2},"end":{"line":13,"column":22}},"8":{"start":{"line":16,"column":15},"end":{"line":23,"column":1}},"9":{"start":{"line":17,"column":17},"end":{"line":19,"column":3}},"10":{"start":{"line":21,"column":19},"end":{"line":21,"column":63}},"11":{"start":{"line":22,"column":2},"end":{"line":22,"column":22}},"12":{"start":{"line":25,"column":15},"end":{"line":28,"column":1}},"13":{"start":{"line":26,"column":19},"end":{"line":26,"column":65}},"14":{"start":{"line":27,"column":2},"end":{"line":27,"column":22}},"15":{"start":{"line":30,"column":15},"end":{"line":37,"column":1}},"16":{"start":{"line":31,"column":17},"end":{"line":33,"column":3}},"17":{"start":{"line":35,"column":19},"end":{"line":35,"column":65}},"18":{"start":{"line":36,"column":2},"end":{"line":36,"column":22}}},"fnMap":{"0":{"name":"(anonymous_0)","decl":{"start":{"line":6,"column":17},"end":{"line":6,"column":18}},"loc":{"start":{"line":6,"column":29},"end":{"line":8,"column":1}},"line":6},"1":{"name":"(anonymous_1)","decl":{"start":{"line":10,"column":15},"end":{"line":10,"column":16}},"loc":{"start":{"line":10,"column":27},"end":{"line":14,"column":1}},"line":10},"2":{"name":"(anonymous_2)","decl":{"start":{"line":16,"column":15},"end":{"line":16,"column":16}},"loc":{"start":{"line":16,"column":34},"end":{"line":23,"column":1}},"line":16},"3":{"name":"(anonymous_3)","decl":{"start":{"line":25,"column":15},"end":{"line":25,"column":16}},"loc":{"start":{"line":25,"column":40},"end":{"line":28,"column":1}},"line":25},"4":{"name":"(anonymous_4)","decl":{"start":{"line":30,"column":15},"end":{"line":30,"column":16}},"loc":{"start":{"line":30,"column":29},"end":{"line":37,"column":1}},"line":30}},"branchMap":{},"s":{"0":0,"1":0,"2":0,"3":0,"4":0,"5":0,"6":0,"7":0,"8":0,"9":0,"10":0,"11":0,"12":0,"13":0,"14":0,"15":0,"16":0,"17":0,"18":0},"f":{"0":0,"1":0,"2":0,"3":0,"4":0},"b":{}}
,"C:\\Users\\prebe\\Desktop\\FullStackOpen\\FullStackOpen\\part5\\bloglist-frontend\\src\\services\\login.js": {"path":"C:\\Users\\prebe\\Desktop\\FullStackOpen\\FullStackOpen\\part5\\bloglist-frontend\\src\\services\\login.js","statementMap":{"0":{"start":{"line":2,"column":16},"end":{"line":2,"column":28}},"1":{"start":{"line":4,"column":14},"end":{"line":7,"column":1}},"2":{"start":{"line":5,"column":19},"end":{"line":5,"column":57}},"3":{"start":{"line":6,"column":2},"end":{"line":6,"column":22}}},"fnMap":{"0":{"name":"(anonymous_0)","decl":{"start":{"line":4,"column":14},"end":{"line":4,"column":15}},"loc":{"start":{"line":4,"column":35},"end":{"line":7,"column":1}},"line":4}},"branchMap":{},"s":{"0":0,"1":0,"2":0,"3":0},"f":{"0":0},"b":{}}
}
