TN:
SF:src\App.jsx
FN:10,(anonymous_0)
FN:15,(anonymous_1)
FN:16,(anonymous_2)
FN:21,(anonymous_3)
FN:30,(anonymous_4)
FN:38,(anonymous_5)
FN:52,(anonymous_6)
FN:58,(anonymous_7)
FN:65,(anonymous_8)
FN:72,(anonymous_9)
FN:79,(anonymous_10)
FN:87,(anonymous_11)
FN:91,(anonymous_12)
FN:101,(anonymous_13)
FN:105,(anonymous_14)
FN:105,(anonymous_15)
FN:112,(anonymous_16)
FN:152,(anonymous_17)
FN:153,(anonymous_18)
FNF:19
FNH:0
FNDA:0,(anonymous_0)
FNDA:0,(anonymous_1)
FNDA:0,(anonymous_2)
FNDA:0,(anonymous_3)
FNDA:0,(anonymous_4)
FNDA:0,(anonymous_5)
FNDA:0,(anonymous_6)
FNDA:0,(anonymous_7)
FNDA:0,(anonymous_8)
FNDA:0,(anonymous_9)
FNDA:0,(anonymous_10)
FNDA:0,(anonymous_11)
FNDA:0,(anonymous_12)
FNDA:0,(anonymous_13)
FNDA:0,(anonymous_14)
FNDA:0,(anonymous_15)
FNDA:0,(anonymous_16)
FNDA:0,(anonymous_17)
FNDA:0,(anonymous_18)
DA:10,0
DA:11,0
DA:12,0
DA:13,0
DA:15,0
DA:16,0
DA:17,0
DA:21,0
DA:22,0
DA:23,0
DA:24,0
DA:25,0
DA:26,0
DA:30,0
DA:32,0
DA:38,0
DA:40,0
DA:41,0
DA:45,0
DA:48,0
DA:49,0
DA:51,0
DA:52,0
DA:53,0
DA:58,0
DA:59,0
DA:60,0
DA:63,0
DA:65,0
DA:66,0
DA:72,0
DA:73,0
DA:75,0
DA:76,0
DA:77,0
DA:78,0
DA:79,0
DA:80,0
DA:83,0
DA:87,0
DA:89,0
DA:90,0
DA:91,0
DA:92,0
DA:94,0
DA:96,0
DA:101,0
DA:102,0
DA:103,0
DA:104,0
DA:105,0
DA:107,0
DA:112,0
DA:113,0
DA:114,0
DA:117,0
DA:118,0
DA:126,0
DA:134,0
DA:152,0
DA:153,0
LF:61
LH:0
BRDA:23,0,0,0
BRDA:23,0,1,0
BRDA:92,1,0,0
BRDA:92,1,1,0
BRDA:113,2,0,0
BRDA:113,2,1,0
BRDA:117,3,0,0
BRDA:117,3,1,0
BRDA:117,4,0,0
BRDA:117,4,1,0
BRDA:137,5,0,0
BRDA:137,5,1,0
BRDA:143,6,0,0
BRDA:143,6,1,0
BRDA:145,7,0,0
BRDA:145,7,1,0
BRF:16
BRH:0
end_of_record
TN:
SF:src\main.jsx
FNF:0
FNH:0
DA:4,0
LF:1
LH:0
BRF:0
BRH:0
end_of_record
TN:
SF:src\components\Blog.jsx
FN:3,(anonymous_0)
FN:6,(anonymous_1)
FN:7,(anonymous_2)
FN:11,(anonymous_3)
FN:36,(anonymous_4)
FN:40,(anonymous_5)
FNF:6
FNH:1
FNDA:1,(anonymous_0)
FNDA:0,(anonymous_1)
FNDA:0,(anonymous_2)
FNDA:0,(anonymous_3)
FNDA:0,(anonymous_4)
FNDA:0,(anonymous_5)
DA:3,1
DA:4,1
DA:6,1
DA:7,0
DA:11,1
DA:13,0
DA:21,0
DA:26,1
DA:36,0
DA:41,0
DA:42,0
LF:11
LH:5
BRDA:7,0,0,0
BRDA:7,0,1,0
BRDA:33,1,0,1
BRDA:33,1,1,0
BRDA:39,2,0,0
BRDA:39,2,1,0
BRDA:41,3,0,0
BRDA:41,3,1,0
BRF:8
BRH:1
end_of_record
TN:
SF:src\components\BlogForm.jsx
FN:3,(anonymous_0)
FN:7,(anonymous_1)
FN:27,(anonymous_2)
FN:35,(anonymous_3)
FN:43,(anonymous_4)
FNF:5
FNH:5
FNDA:48,(anonymous_0)
FNDA:1,(anonymous_1)
FNDA:17,(anonymous_2)
FNDA:11,(anonymous_3)
FNDA:18,(anonymous_4)
DA:3,1
DA:5,48
DA:7,48
DA:8,1
DA:10,1
DA:16,1
DA:19,48
DA:27,17
DA:35,11
DA:43,18
LF:10
LH:10
BRF:0
BRH:0
end_of_record
TN:
SF:src\components\LoginForm.jsx
FN:4,(anonymous_0)
FN:9,(anonymous_1)
FN:28,(anonymous_2)
FN:36,(anonymous_3)
FNF:4
FNH:0
FNDA:0,(anonymous_0)
FNDA:0,(anonymous_1)
FNDA:0,(anonymous_2)
FNDA:0,(anonymous_3)
DA:4,0
DA:6,0
DA:7,0
DA:9,0
DA:11,0
DA:13,0
DA:15,0
DA:16,0
DA:19,0
DA:28,0
DA:36,0
DA:45,0
LF:12
LH:0
BRF:0
BRH:0
end_of_record
TN:
SF:src\components\Togglable.jsx
FN:5,(anonymous_0)
FN:11,(anonymous_1)
FN:16,(anonymous_2)
FNF:3
FNH:0
FNDA:0,(anonymous_0)
FNDA:0,(anonymous_1)
FNDA:0,(anonymous_2)
DA:5,0
DA:6,0
DA:8,0
DA:9,0
DA:11,0
DA:12,0
DA:16,0
DA:17,0
DA:22,0
DA:26,0
DA:40,0
LF:11
LH:0
BRDA:8,0,0,0
BRDA:8,0,1,0
BRDA:9,1,0,0
BRDA:9,1,1,0
BRF:4
BRH:0
end_of_record
TN:
SF:src\services\blogs.js
FN:6,(anonymous_0)
FN:10,(anonymous_1)
FN:16,(anonymous_2)
FN:25,(anonymous_3)
FN:30,(anonymous_4)
FNF:5
FNH:0
FNDA:0,(anonymous_0)
FNDA:0,(anonymous_1)
FNDA:0,(anonymous_2)
FNDA:0,(anonymous_3)
FNDA:0,(anonymous_4)
DA:2,0
DA:4,0
DA:6,0
DA:7,0
DA:10,0
DA:11,0
DA:12,0
DA:13,0
DA:16,0
DA:17,0
DA:21,0
DA:22,0
DA:25,0
DA:26,0
DA:27,0
DA:30,0
DA:31,0
DA:35,0
DA:36,0
LF:19
LH:0
BRF:0
BRH:0
end_of_record
TN:
SF:src\services\login.js
FN:4,(anonymous_0)
FNF:1
FNH:0
FNDA:0,(anonymous_0)
DA:2,0
DA:4,0
DA:5,0
DA:6,0
LF:4
LH:0
BRF:0
BRH:0
end_of_record
